<?xml version="1.0" encoding="UTF-8"?>
<testng-results ignored="2" total="3" passed="1" failed="0" skipped="0">
  <reporter-output>
  </reporter-output>
  <suite started-at="2022-07-07T17:46:22 IST" name="Default suite" finished-at="2022-07-07T17:46:25 IST" duration-ms="2677">
    <groups>
    </groups>
    <test started-at="2022-07-07T17:46:22 IST" name="Default test" finished-at="2022-07-07T17:46:25 IST" duration-ms="2677">
      <class name="test.PutPatchDeleteExamples">
        <test-method signature="Test_delete()[pri:0, instance:test.PutPatchDeleteExamples@2b48a640]" started-at="2022-07-07T17:46:22 IST" name="Test_delete" finished-at="2022-07-07T17:46:25 IST" duration-ms="2600" status="PASS">
          <reporter-output>
          </reporter-output>
        </test-method> <!-- Test_delete -->
      </class> <!-- test.PutPatchDeleteExamples -->
    </test> <!-- Default test -->
  </suite> <!-- Default suite -->
</testng-results>
