<?xml version="1.0" encoding="UTF-8"?>
<!-- Generated by org.testng.reporters.JUnitXMLReporter -->
<testsuite ignored="2" hostname="Admin-PC" failures="0" tests="1" name="Default test" time="2.677" errors="0" timestamp="2022-07-07T17:46:25 IST">
  <testcase classname="test.PutPatchDeleteExamples" name="Test_delete" time="2.6"/>
  <testcase classname="test.PutPatchDeleteExamples" name="Test_patch" time="0.0">
    <ignored/>
  </testcase> <!-- Test_patch -->
  <testcase classname="test.PutPatchDeleteExamples" name="Test_03" time="0.0">
    <ignored/>
  </testcase> <!-- Test_03 -->
</testsuite> <!-- Default test -->
